{"name":"userCanDeleteItemFromCart","status":"broken","statusDetails":{"known":false,"muted":false,"flaky":false,"message":"java.lang.ClassNotFoundException: safari","trace":"java.lang.IllegalArgumentException: java.lang.ClassNotFoundException: safari\n\tat com.codeborne.selenide.webdriver.DefaultDriverFactory.createInstanceOf(DefaultDriverFactory.java:56)\n\tat com.codeborne.selenide.webdriver.DefaultDriverFactory.create(DefaultDriverFactory.java:29)\n\tat com.codeborne.selenide.webdriver.WebDriverFactory.createWebDriverInstance(WebDriverFactory.java:76)\n\tat com.codeborne.selenide.webdriver.WebDriverFactory.createWebDriver(WebDriverFactory.java:54)\n\tat com.codeborne.selenide.drivercommands.CreateDriverCommand.createDriver(CreateDriverCommand.java:50)\n\tat com.codeborne.selenide.impl.WebDriverThreadLocalContainer.createDriver(WebDriverThreadLocalContainer.java:136)\n\tat com.codeborne.selenide.impl.WebDriverThreadLocalContainer.getAndCheckWebDriver(WebDriverThreadLocalContainer.java:128)\n\tat com.codeborne.selenide.WebDriverRunner.getAndCheckWebDriver(WebDriverRunner.java:89)\n\tat com.codeborne.selenide.impl.StaticDriver.getAndCheckWebDriver(StaticDriver.java:61)\n\tat com.codeborne.selenide.SelenideDriver.getAndCheckWebDriver(SelenideDriver.java:180)\n\tat com.codeborne.selenide.drivercommands.Navigator.navigateTo(Navigator.java:70)\n\tat com.codeborne.selenide.drivercommands.Navigator.open(Navigator.java:32)\n\tat com.codeborne.selenide.SelenideDriver.open(SelenideDriver.java:76)\n\tat com.codeborne.selenide.Selenide.open(Selenide.java:48)\n\tat com.socks.ui.CatalogPage.open(CatalogPage.java:10)\n\tat com.socks.ui.tests.ShoppingCartTest.userCanDeleteItemFromCart(ShoppingCartTest.java:27)\n\tat sun.reflect.NativeMethodAccessorImpl.invoke0(Native Method)\n\tat sun.reflect.NativeMethodAccessorImpl.invoke(NativeMethodAccessorImpl.java:62)\n\tat sun.reflect.DelegatingMethodAccessorImpl.invoke(DelegatingMethodAccessorImpl.java:43)\n\tat java.lang.reflect.Method.invoke(Method.java:498)\n\tat org.testng.internal.MethodInvocationHelper.invokeMethod(MethodInvocationHelper.java:134)\n\tat org.testng.internal.TestInvoker.invokeMethod(TestInvoker.java:597)\n\tat org.testng.internal.TestInvoker.invokeTestMethod(TestInvoker.java:173)\n\tat org.testng.internal.MethodRunner.runInSequence(MethodRunner.java:46)\n\tat org.testng.internal.TestInvoker$MethodInvocationAgent.invoke(TestInvoker.java:816)\n\tat org.testng.internal.TestInvoker.invokeTestMethods(TestInvoker.java:146)\n\tat org.testng.internal.TestMethodWorker.invokeTestMethods(TestMethodWorker.java:146)\n\tat org.testng.internal.TestMethodWorker.run(TestMethodWorker.java:128)\n\tat java.util.ArrayList.forEach(ArrayList.java:1257)\n\tat org.testng.TestRunner.privateRun(TestRunner.java:766)\n\tat org.testng.TestRunner.run(TestRunner.java:587)\n\tat org.testng.SuiteRunner.runTest(SuiteRunner.java:384)\n\tat org.testng.SuiteRunner.runSequentially(SuiteRunner.java:378)\n\tat org.testng.SuiteRunner.privateRun(SuiteRunner.java:337)\n\tat org.testng.SuiteRunner.run(SuiteRunner.java:286)\n\tat org.testng.SuiteRunnerWorker.runSuite(SuiteRunnerWorker.java:53)\n\tat org.testng.SuiteRunnerWorker.run(SuiteRunnerWorker.java:96)\n\tat org.testng.TestNG.runSuitesSequentially(TestNG.java:1187)\n\tat org.testng.TestNG.runSuitesLocally(TestNG.java:1109)\n\tat org.testng.TestNG.runSuites(TestNG.java:1039)\n\tat org.testng.TestNG.run(TestNG.java:1007)\n\tat com.intellij.rt.testng.IDEARemoteTestNG.run(IDEARemoteTestNG.java:66)\n\tat com.intellij.rt.testng.RemoteTestNGStarter.main(RemoteTestNGStarter.java:110)\nCaused by: java.lang.ClassNotFoundException: safari\n\tat java.net.URLClassLoader.findClass(URLClassLoader.java:382)\n\tat java.lang.ClassLoader.loadClass(ClassLoader.java:418)\n\tat sun.misc.Launcher$AppClassLoader.loadClass(Launcher.java:352)\n\tat java.lang.ClassLoader.loadClass(ClassLoader.java:351)\n\tat java.lang.Class.forName0(Native Method)\n\tat java.lang.Class.forName(Class.java:264)\n\tat com.codeborne.selenide.webdriver.DefaultDriverFactory.createInstanceOf(DefaultDriverFactory.java:38)\n\t... 42 more\n"},"stage":"finished","steps":[],"attachments":[],"parameters":[],"start":1595088319902,"stop":1595088319903,"uuid":"08698a03-3b94-451e-9d0b-a80620e3ab61","historyId":"6c2952b40014a52e5324916c2881aa8d","fullName":"com.socks.ui.tests.ShoppingCartTest.userCanDeleteItemFromCart","labels":[{"name":"package","value":"com.socks.ui.tests.ShoppingCartTest"},{"name":"testClass","value":"com.socks.ui.tests.ShoppingCartTest"},{"name":"testMethod","value":"userCanDeleteItemFromCart"},{"name":"parentSuite","value":"Default Suite"},{"name":"suite","value":"training-tests"},{"name":"subSuite","value":"com.socks.ui.tests.ShoppingCartTest"},{"name":"host","value":"MBP-Urij"},{"name":"thread","value":"23096@MBP-Urij.main(1)"},{"name":"framework","value":"testng"},{"name":"language","value":"java"}],"links":[]}