{"name":"userCanAddItemToCart","status":"failed","statusDetails":{"known":false,"muted":false,"flaky":false,"message":"Element not found {#orderGrandTotal}\nExpected: text '$104.98'\nScreenshot: file:/Users/urij/IdeaProjects/training-tests/ui-test/build/reports/tests/1595091327159.0.png\nPage source: file:/Users/urij/IdeaProjects/training-tests/ui-test/build/reports/tests/1595091327159.0.html\nTimeout: 4 s.\nCaused by: NoSuchElementException: no such element: Unable to locate element: {\"method\":\"css selector\",\"selector\":\"#orderGrandTotal\"}","trace":"Element not found {#orderGrandTotal}\nExpected: text '$104.98'\nScreenshot: file:/Users/urij/IdeaProjects/training-tests/ui-test/build/reports/tests/1595091327159.0.png\nPage source: file:/Users/urij/IdeaProjects/training-tests/ui-test/build/reports/tests/1595091327159.0.html\nTimeout: 4 s.\nCaused by: NoSuchElementException: no such element: Unable to locate element: {\"method\":\"css selector\",\"selector\":\"#orderGrandTotal\"}\n\tat com.codeborne.selenide.impl.WebElementSource.createElementNotFoundError(WebElementSource.java:56)\n\tat com.codeborne.selenide.impl.ElementFinder.createElementNotFoundError(ElementFinder.java:133)\n\tat com.codeborne.selenide.impl.WebElementSource.checkCondition(WebElementSource.java:87)\n\tat com.codeborne.selenide.commands.Should.execute(Should.java:30)\n\tat com.codeborne.selenide.commands.Should.execute(Should.java:14)\n\tat com.codeborne.selenide.commands.Commands.execute(Commands.java:152)\n\tat com.codeborne.selenide.impl.SelenideElementProxy.dispatchAndRetry(SelenideElementProxy.java:104)\n\tat com.codeborne.selenide.impl.SelenideElementProxy.invoke(SelenideElementProxy.java:70)\n\tat com.sun.proxy.$Proxy10.shouldHave(Unknown Source)\n\tat com.socks.ui.tests.ShoppingCartTest.userCanAddItemToCart(ShoppingCartTest.java:21)\n\tat sun.reflect.NativeMethodAccessorImpl.invoke0(Native Method)\n\tat sun.reflect.NativeMethodAccessorImpl.invoke(NativeMethodAccessorImpl.java:62)\n\tat sun.reflect.DelegatingMethodAccessorImpl.invoke(DelegatingMethodAccessorImpl.java:43)\n\tat java.lang.reflect.Method.invoke(Method.java:498)\n\tat org.testng.internal.MethodInvocationHelper.invokeMethod(MethodInvocationHelper.java:134)\n\tat org.testng.internal.TestInvoker.invokeMethod(TestInvoker.java:597)\n\tat org.testng.internal.TestInvoker.invokeTestMethod(TestInvoker.java:173)\n\tat org.testng.internal.MethodRunner.runInSequence(MethodRunner.java:46)\n\tat org.testng.internal.TestInvoker$MethodInvocationAgent.invoke(TestInvoker.java:816)\n\tat org.testng.internal.TestInvoker.invokeTestMethods(TestInvoker.java:146)\n\tat org.testng.internal.TestMethodWorker.invokeTestMethods(TestMethodWorker.java:146)\n\tat org.testng.internal.TestMethodWorker.run(TestMethodWorker.java:128)\n\tat java.util.ArrayList.forEach(ArrayList.java:1257)\n\tat org.testng.TestRunner.privateRun(TestRunner.java:766)\n\tat org.testng.TestRunner.run(TestRunner.java:587)\n\tat org.testng.SuiteRunner.runTest(SuiteRunner.java:384)\n\tat org.testng.SuiteRunner.runSequentially(SuiteRunner.java:378)\n\tat org.testng.SuiteRunner.privateRun(SuiteRunner.java:337)\n\tat org.testng.SuiteRunner.run(SuiteRunner.java:286)\n\tat org.testng.SuiteRunnerWorker.runSuite(SuiteRunnerWorker.java:53)\n\tat org.testng.SuiteRunnerWorker.run(SuiteRunnerWorker.java:96)\n\tat org.testng.TestNG.runSuitesSequentially(TestNG.java:1187)\n\tat org.testng.TestNG.runSuitesLocally(TestNG.java:1109)\n\tat org.testng.TestNG.runSuites(TestNG.java:1039)\n\tat org.testng.TestNG.run(TestNG.java:1007)\n\tat com.intellij.rt.testng.IDEARemoteTestNG.run(IDEARemoteTestNG.java:66)\n\tat com.intellij.rt.testng.RemoteTestNGStarter.main(RemoteTestNGStarter.java:110)\nCaused by: org.openqa.selenium.NoSuchElementException: no such element: Unable to locate element: {\"method\":\"css selector\",\"selector\":\"#orderGrandTotal\"}\n  (Session info: chrome=84.0.4147.89)\nFor documentation on this error, please visit: https://www.seleniumhq.org/exceptions/no_such_element.html\nBuild info: version: '3.141.59', revision: 'e82be7d358', time: '2018-11-14T08:17:03'\nSystem info: host: 'MBP-Urij', ip: 'fe80:0:0:0:cd1:f85a:db4e:ba1b%en0', os.name: 'Mac OS X', os.arch: 'x86_64', os.version: '10.15.5', java.version: '1.8.0_252'\nDriver info: org.openqa.selenium.remote.RemoteWebDriver\nCapabilities {acceptInsecureCerts: false, browserName: chrome, browserVersion: 84.0.4147.89, chrome: {chromedriverVersion: 84.0.4147.30 (48b3e868b4cc0..., userDataDir: /tmp/.com.google.Chrome.PPxBAg}, goog:chromeOptions: {debuggerAddress: localhost:35521}, javascriptEnabled: true, networkConnectionEnabled: false, pageLoadStrategy: normal, platform: LINUX, platformName: LINUX, proxy: Proxy(), setWindowRect: true, strictFileInteractability: false, timeouts: {implicit: 0, pageLoad: 300000, script: 30000}, unhandledPromptBehavior: dismiss and notify, webauthn:virtualAuthenticators: true}\nSession ID: 3a06a0ee6b64fac890f51b502d5abbb0\n*** Element info: {Using=css selector, value=#orderGrandTotal}\n\tat sun.reflect.GeneratedConstructorAccessor10.newInstance(Unknown Source)\n\tat sun.reflect.DelegatingConstructorAccessorImpl.newInstance(DelegatingConstructorAccessorImpl.java:45)\n\tat java.lang.reflect.Constructor.newInstance(Constructor.java:423)\n\tat org.openqa.selenium.remote.http.W3CHttpResponseCodec.createException(W3CHttpResponseCodec.java:187)\n\tat org.openqa.selenium.remote.http.W3CHttpResponseCodec.decode(W3CHttpResponseCodec.java:122)\n\tat org.openqa.selenium.remote.http.W3CHttpResponseCodec.decode(W3CHttpResponseCodec.java:49)\n\tat org.openqa.selenium.remote.HttpCommandExecutor.execute(HttpCommandExecutor.java:158)\n\tat org.openqa.selenium.remote.RemoteWebDriver.execute(RemoteWebDriver.java:552)\n\tat org.openqa.selenium.remote.RemoteWebDriver.findElement(RemoteWebDriver.java:323)\n\tat org.openqa.selenium.remote.RemoteWebDriver.findElementByCssSelector(RemoteWebDriver.java:420)\n\tat org.openqa.selenium.By$ByCssSelector.findElement(By.java:431)\n\tat org.openqa.selenium.remote.RemoteWebDriver.findElement(RemoteWebDriver.java:315)\n\tat com.codeborne.selenide.impl.WebElementSelector.findElement(WebElementSelector.java:65)\n\tat com.codeborne.selenide.impl.WebElementSelector.findElement(WebElementSelector.java:40)\n\tat com.codeborne.selenide.impl.ElementFinder.getWebElement(ElementFinder.java:101)\n\tat com.codeborne.selenide.impl.WebElementSource.checkCondition(WebElementSource.java:72)\n\t... 34 more\n"},"stage":"finished","steps":[],"attachments":[],"parameters":[],"start":1595091318421,"stop":1595091327492,"uuid":"ad480d36-fd55-4b34-bdee-7137f47f663f","historyId":"54aedbd17203292abf9cac6066ac3a9f","fullName":"com.socks.ui.tests.ShoppingCartTest.userCanAddItemToCart","labels":[{"name":"package","value":"com.socks.ui.tests.ShoppingCartTest"},{"name":"testClass","value":"com.socks.ui.tests.ShoppingCartTest"},{"name":"testMethod","value":"userCanAddItemToCart"},{"name":"parentSuite","value":"Default Suite"},{"name":"suite","value":"training-tests"},{"name":"subSuite","value":"com.socks.ui.tests.ShoppingCartTest"},{"name":"host","value":"MBP-Urij"},{"name":"thread","value":"24042@MBP-Urij.main(1)"},{"name":"framework","value":"testng"},{"name":"language","value":"java"}],"links":[]}